0 info it worked if it ends with ok
1 verbose cli [ 'c:\\Program Files\\nodejs\\node.exe',
1 verbose cli   'c:\\Program Files\\nodejs\\node_modules\\npm\\bin\\npm-cli.js',
1 verbose cli   'install',
1 verbose cli   'node-static' ]
2 info using npm@1.2.15
3 info using node@v0.10.2
4 verbose read json d:\gitProjects\youthvibe2014server\package.json
5 warn package.json YouthVibe2014Server@0.0.0 No README.md file found!
6 verbose from cache d:\gitProjects\youthvibe2014server\package.json
7 verbose readDependencies using package.json deps
8 verbose cache add [ 'node-static@~1.2.15', null ]
9 verbose cache add name=undefined spec="node-static@~1.2.15" args=["node-static@~1.2.15",null]
10 verbose parsed url { protocol: null,
10 verbose parsed url   slashes: null,
10 verbose parsed url   auth: null,
10 verbose parsed url   host: null,
10 verbose parsed url   port: null,
10 verbose parsed url   hostname: null,
10 verbose parsed url   hash: null,
10 verbose parsed url   search: null,
10 verbose parsed url   query: null,
10 verbose parsed url   pathname: 'node-static@~1.2.15',
10 verbose parsed url   path: 'node-static@~1.2.15',
10 verbose parsed url   href: 'node-static@~1.2.15' }
11 verbose cache add name="node-static" spec="~1.2.15" args=["node-static","~1.2.15"]
12 verbose parsed url { protocol: null,
12 verbose parsed url   slashes: null,
12 verbose parsed url   auth: null,
12 verbose parsed url   host: null,
12 verbose parsed url   port: null,
12 verbose parsed url   hostname: null,
12 verbose parsed url   hash: null,
12 verbose parsed url   search: null,
12 verbose parsed url   query: null,
12 verbose parsed url   pathname: '~1.2.15',
12 verbose parsed url   path: '~1.2.15',
12 verbose parsed url   href: '~1.2.15' }
13 verbose addNamed [ 'node-static', '~1.2.15' ]
14 verbose addNamed [ null, '>=1.2.15- <1.3.0-' ]
15 silly lockFile f539133e-node-static-1-2-15 node-static@~1.2.15
16 verbose lock node-static@~1.2.15 C:\Users\Ishan\AppData\Roaming\npm-cache\f539133e-node-static-1-2-15.lock
17 silly addNameRange { name: 'node-static',
17 silly addNameRange   range: '>=1.2.15- <1.3.0-',
17 silly addNameRange   hasData: false }
18 verbose url raw node-static
19 verbose url resolving [ 'https://registry.npmjs.org/', './node-static' ]
20 verbose url resolved https://registry.npmjs.org/node-static
21 info trying registry request attempt 1 at 15:45:52
22 verbose etag "2T8KBVZEO4FUR5Q1DT54JUQDF"
23 http GET https://registry.npmjs.org/node-static
24 http 200 https://registry.npmjs.org/node-static
25 silly registry.get cb [ 200,
25 silly registry.get   { date: 'Sun, 10 Aug 2014 10:16:17 GMT',
25 silly registry.get     server: 'CouchDB/1.5.0 (Erlang OTP/R16B03)',
25 silly registry.get     etag: '"3021EEHCR3R6ZF3B4SSKY2NGY"',
25 silly registry.get     'content-type': 'application/json',
25 silly registry.get     'cache-control': 'max-age=60',
25 silly registry.get     'content-length': '29427',
25 silly registry.get     'accept-ranges': 'bytes',
25 silly registry.get     via: '1.1 varnish',
25 silly registry.get     age: '1680',
25 silly registry.get     'x-served-by': 'cache-sn86-SIN',
25 silly registry.get     'x-cache': 'HIT',
25 silly registry.get     'x-cache-hits': '1',
25 silly registry.get     'x-timer': 'S1407665776.109259,VS0,VE971',
25 silly registry.get     vary: 'Accept',
25 silly registry.get     'keep-alive': 'timeout=10, max=50',
25 silly registry.get     connection: 'Keep-Alive' } ]
26 silly addNameRange number 2 { name: 'node-static',
26 silly addNameRange   range: '>=1.2.15- <1.3.0-',
26 silly addNameRange   hasData: true }
27 silly addNameRange versions [ 'node-static',
27 silly addNameRange   [ '0.5.6',
27 silly addNameRange     '0.5.7',
27 silly addNameRange     '0.5.8',
27 silly addNameRange     '0.5.9',
27 silly addNameRange     '0.6.0',
27 silly addNameRange     '0.6.1',
27 silly addNameRange     '0.6.2',
27 silly addNameRange     '0.6.3',
27 silly addNameRange     '0.6.4',
27 silly addNameRange     '0.6.5',
27 silly addNameRange     '0.6.6',
27 silly addNameRange     '0.6.7',
27 silly addNameRange     '0.6.8',
27 silly addNameRange     '0.6.9',
27 silly addNameRange     '0.7.0',
27 silly addNameRange     '0.7.1',
27 silly addNameRange     '0.7.2',
27 silly addNameRange     '0.7.3',
27 silly addNameRange     '0.7.4' ] ]
28 silly lockFile f539133e-node-static-1-2-15 node-static@~1.2.15
29 silly lockFile f539133e-node-static-1-2-15 node-static@~1.2.15
30 error Error: No compatible version found: node-static@'>=1.2.15- <1.3.0-'
30 error Valid install targets:
30 error ["0.5.6","0.5.7","0.5.8","0.5.9","0.6.0","0.6.1","0.6.2","0.6.3","0.6.4","0.6.5","0.6.6","0.6.7","0.6.8","0.6.9","0.7.0","0.7.1","0.7.2","0.7.3","0.7.4"]
30 error     at installTargetsError (c:\Program Files\nodejs\node_modules\npm\lib\cache.js:685:10)
30 error     at next (c:\Program Files\nodejs\node_modules\npm\lib\cache.js:664:17)
30 error     at c:\Program Files\nodejs\node_modules\npm\lib\cache.js:644:5
30 error     at saved (c:\Program Files\nodejs\node_modules\npm\node_modules\npm-registry-client\lib\get.js:138:7)
30 error     at Object.oncomplete (fs.js:107:15)
31 error If you need help, you may report this log at:
31 error     <http://github.com/isaacs/npm/issues>
31 error or email it to:
31 error     <npm-@googlegroups.com>
32 error System Windows_NT 6.1.7601
33 error command "c:\\Program Files\\nodejs\\node.exe" "c:\\Program Files\\nodejs\\node_modules\\npm\\bin\\npm-cli.js" "install" "node-static"
34 error cwd d:\gitProjects\youthvibe2014server
35 error node -v v0.10.2
36 error npm -v 1.2.15
37 verbose exit [ 1, true ]
